2024-12-08 13:48:53,140 - ModelTrainer - ERROR - Error in xgboost training: Invalid method. Allowed values are ['naive', 'base', 'plus', 'minmax'].
2024-12-08 13:48:53,160 - ModelTrainer - ERROR - Traceback (most recent call last):
  File "C:\Users\prite\Desktop\mlops-timeseries\mlops_timeseries\models\trainer.py", line 444, in train_model_with_mapie
    mapie_model.fit(
  File "C:\Users\prite\Desktop\mlops-timeseries\.venv\Lib\site-packages\mapie\regression\regression.py", line 531, in fit
    groups) = self._check_fit_parameters(X, y, sample_weight, groups)
              ^^^^^^^^^^^^^^^^^^^^^^^^^^^^^^^^^^^^^^^^^^^^^^^^^^^^^^^
  File "C:\Users\prite\Desktop\mlops-timeseries\.venv\Lib\site-packages\mapie\regression\regression.py", line 439, in _check_fit_parameters
    cs_estimator = check_regression_conformity_score(
                   ^^^^^^^^^^^^^^^^^^^^^^^^^^^^^^^^^^
  File "C:\Users\prite\Desktop\mlops-timeseries\.venv\Lib\site-packages\mapie\conformity_scores\utils.py", line 72, in check_regression_conformity_score
    raise ValueError(
ValueError: Invalid conformity_score argument.
Must be None or a BaseRegressionScore instance.

During handling of the above exception, another exception occurred:

Traceback (most recent call last):
  File "C:\Users\prite\Desktop\mlops-timeseries\mlops_timeseries\models\trainer.py", line 460, in train_model_with_mapie
    mapie_model.fit(
  File "C:\Users\prite\Desktop\mlops-timeseries\.venv\Lib\site-packages\mapie\regression\regression.py", line 531, in fit
    groups) = self._check_fit_parameters(X, y, sample_weight, groups)
              ^^^^^^^^^^^^^^^^^^^^^^^^^^^^^^^^^^^^^^^^^^^^^^^^^^^^^^^
  File "C:\Users\prite\Desktop\mlops-timeseries\.venv\Lib\site-packages\mapie\regression\regression.py", line 430, in _check_fit_parameters
    self._check_parameters()
  File "C:\Users\prite\Desktop\mlops-timeseries\.venv\Lib\site-packages\mapie\regression\regression.py", line 256, in _check_parameters
    self._check_method(self.method)
  File "C:\Users\prite\Desktop\mlops-timeseries\.venv\Lib\site-packages\mapie\regression\regression.py", line 283, in _check_method
    raise ValueError(
ValueError: Invalid method. Allowed values are ['naive', 'base', 'plus', 'minmax'].

2024-12-08 13:48:53,162 - ModelTrainer - ERROR - Error training XGBoost: Invalid method. Allowed values are ['naive', 'base', 'plus', 'minmax'].
2024-12-08 13:48:53,163 - ModelTrainer - ERROR - Traceback (most recent call last):
  File "C:\Users\prite\Desktop\mlops-timeseries\mlops_timeseries\models\trainer.py", line 444, in train_model_with_mapie
    mapie_model.fit(
  File "C:\Users\prite\Desktop\mlops-timeseries\.venv\Lib\site-packages\mapie\regression\regression.py", line 531, in fit
    groups) = self._check_fit_parameters(X, y, sample_weight, groups)
              ^^^^^^^^^^^^^^^^^^^^^^^^^^^^^^^^^^^^^^^^^^^^^^^^^^^^^^^
  File "C:\Users\prite\Desktop\mlops-timeseries\.venv\Lib\site-packages\mapie\regression\regression.py", line 439, in _check_fit_parameters
    cs_estimator = check_regression_conformity_score(
                   ^^^^^^^^^^^^^^^^^^^^^^^^^^^^^^^^^^
  File "C:\Users\prite\Desktop\mlops-timeseries\.venv\Lib\site-packages\mapie\conformity_scores\utils.py", line 72, in check_regression_conformity_score
    raise ValueError(
ValueError: Invalid conformity_score argument.
Must be None or a BaseRegressionScore instance.

During handling of the above exception, another exception occurred:

Traceback (most recent call last):
  File "C:\Users\prite\Desktop\mlops-timeseries\mlops_timeseries\models\trainer.py", line 721, in train_models
    self.train_model_with_mapie('xgboost', xgboost_best_params)
  File "C:\Users\prite\Desktop\mlops-timeseries\mlops_timeseries\models\trainer.py", line 460, in train_model_with_mapie
    mapie_model.fit(
  File "C:\Users\prite\Desktop\mlops-timeseries\.venv\Lib\site-packages\mapie\regression\regression.py", line 531, in fit
    groups) = self._check_fit_parameters(X, y, sample_weight, groups)
              ^^^^^^^^^^^^^^^^^^^^^^^^^^^^^^^^^^^^^^^^^^^^^^^^^^^^^^^
  File "C:\Users\prite\Desktop\mlops-timeseries\.venv\Lib\site-packages\mapie\regression\regression.py", line 430, in _check_fit_parameters
    self._check_parameters()
  File "C:\Users\prite\Desktop\mlops-timeseries\.venv\Lib\site-packages\mapie\regression\regression.py", line 256, in _check_parameters
    self._check_method(self.method)
  File "C:\Users\prite\Desktop\mlops-timeseries\.venv\Lib\site-packages\mapie\regression\regression.py", line 283, in _check_method
    raise ValueError(
ValueError: Invalid method. Allowed values are ['naive', 'base', 'plus', 'minmax'].

2024-12-08 13:48:53,166 - ModelTrainer - ERROR - Error in model training pipeline
2024-12-08 13:48:53,166 - ModelTrainer - ERROR - Traceback (most recent call last):
  File "C:\Users\prite\Desktop\mlops-timeseries\mlops_timeseries\models\trainer.py", line 444, in train_model_with_mapie
    mapie_model.fit(
  File "C:\Users\prite\Desktop\mlops-timeseries\.venv\Lib\site-packages\mapie\regression\regression.py", line 531, in fit
    groups) = self._check_fit_parameters(X, y, sample_weight, groups)
              ^^^^^^^^^^^^^^^^^^^^^^^^^^^^^^^^^^^^^^^^^^^^^^^^^^^^^^^
  File "C:\Users\prite\Desktop\mlops-timeseries\.venv\Lib\site-packages\mapie\regression\regression.py", line 439, in _check_fit_parameters
    cs_estimator = check_regression_conformity_score(
                   ^^^^^^^^^^^^^^^^^^^^^^^^^^^^^^^^^^
  File "C:\Users\prite\Desktop\mlops-timeseries\.venv\Lib\site-packages\mapie\conformity_scores\utils.py", line 72, in check_regression_conformity_score
    raise ValueError(
ValueError: Invalid conformity_score argument.
Must be None or a BaseRegressionScore instance.

During handling of the above exception, another exception occurred:

Traceback (most recent call last):
  File "C:\Users\prite\Desktop\mlops-timeseries\mlops_timeseries\models\trainer.py", line 721, in train_models
    self.train_model_with_mapie('xgboost', xgboost_best_params)
  File "C:\Users\prite\Desktop\mlops-timeseries\mlops_timeseries\models\trainer.py", line 460, in train_model_with_mapie
    mapie_model.fit(
  File "C:\Users\prite\Desktop\mlops-timeseries\.venv\Lib\site-packages\mapie\regression\regression.py", line 531, in fit
    groups) = self._check_fit_parameters(X, y, sample_weight, groups)
              ^^^^^^^^^^^^^^^^^^^^^^^^^^^^^^^^^^^^^^^^^^^^^^^^^^^^^^^
  File "C:\Users\prite\Desktop\mlops-timeseries\.venv\Lib\site-packages\mapie\regression\regression.py", line 430, in _check_fit_parameters
    self._check_parameters()
  File "C:\Users\prite\Desktop\mlops-timeseries\.venv\Lib\site-packages\mapie\regression\regression.py", line 256, in _check_parameters
    self._check_method(self.method)
  File "C:\Users\prite\Desktop\mlops-timeseries\.venv\Lib\site-packages\mapie\regression\regression.py", line 283, in _check_method
    raise ValueError(
ValueError: Invalid method. Allowed values are ['naive', 'base', 'plus', 'minmax'].

