2024-12-08 13:50:56,846 - ModelTrainer - ERROR - Error in xgboost training: The two functions get_conformity_scores and get_estimation_distribution of the BaseRegressionScore class are not consistent. The following equation must be verified: self.get_estimation_distribution(y_pred, self.get_conformity_scores(y, y_pred)) == y. The maximum conformity score is 6.103515625e-05. The eps attribute may need to be increased if you are sure that the two methods are consistent.
2024-12-08 13:50:56,860 - ModelTrainer - ERROR - Traceback (most recent call last):
  File "C:\Users\prite\Desktop\mlops-timeseries\mlops_timeseries\models\trainer.py", line 438, in train_model_with_mapie
    mapie_model.fit(
  File "C:\Users\prite\Desktop\mlops-timeseries\.venv\Lib\site-packages\mapie\regression\regression.py", line 555, in fit
    self.conformity_score_function_.get_conformity_scores(
  File "C:\Users\prite\Desktop\mlops-timeseries\.venv\Lib\site-packages\mapie\conformity_scores\regression.py", line 107, in get_conformity_scores
    self.check_consistency(y, y_pred, conformity_scores, **kwargs)
  File "C:\Users\prite\Desktop\mlops-timeseries\.venv\Lib\site-packages\mapie\conformity_scores\regression.py", line 150, in check_consistency
    raise ValueError(
ValueError: The two functions get_conformity_scores and get_estimation_distribution of the BaseRegressionScore class are not consistent. The following equation must be verified: self.get_estimation_distribution(y_pred, self.get_conformity_scores(y, y_pred)) == y. The maximum conformity score is 6.103515625e-05. The eps attribute may need to be increased if you are sure that the two methods are consistent.

2024-12-08 13:50:56,862 - ModelTrainer - ERROR - Error training XGBoost: The two functions get_conformity_scores and get_estimation_distribution of the BaseRegressionScore class are not consistent. The following equation must be verified: self.get_estimation_distribution(y_pred, self.get_conformity_scores(y, y_pred)) == y. The maximum conformity score is 6.103515625e-05. The eps attribute may need to be increased if you are sure that the two methods are consistent.
2024-12-08 13:50:56,863 - ModelTrainer - ERROR - Traceback (most recent call last):
  File "C:\Users\prite\Desktop\mlops-timeseries\mlops_timeseries\models\trainer.py", line 699, in train_models
    self.train_model_with_mapie('xgboost', xgboost_best_params)
  File "C:\Users\prite\Desktop\mlops-timeseries\mlops_timeseries\models\trainer.py", line 438, in train_model_with_mapie
    mapie_model.fit(
  File "C:\Users\prite\Desktop\mlops-timeseries\.venv\Lib\site-packages\mapie\regression\regression.py", line 555, in fit
    self.conformity_score_function_.get_conformity_scores(
  File "C:\Users\prite\Desktop\mlops-timeseries\.venv\Lib\site-packages\mapie\conformity_scores\regression.py", line 107, in get_conformity_scores
    self.check_consistency(y, y_pred, conformity_scores, **kwargs)
  File "C:\Users\prite\Desktop\mlops-timeseries\.venv\Lib\site-packages\mapie\conformity_scores\regression.py", line 150, in check_consistency
    raise ValueError(
ValueError: The two functions get_conformity_scores and get_estimation_distribution of the BaseRegressionScore class are not consistent. The following equation must be verified: self.get_estimation_distribution(y_pred, self.get_conformity_scores(y, y_pred)) == y. The maximum conformity score is 6.103515625e-05. The eps attribute may need to be increased if you are sure that the two methods are consistent.

2024-12-08 13:50:56,864 - ModelTrainer - ERROR - Error in model training pipeline
2024-12-08 13:50:56,865 - ModelTrainer - ERROR - Traceback (most recent call last):
  File "C:\Users\prite\Desktop\mlops-timeseries\mlops_timeseries\models\trainer.py", line 699, in train_models
    self.train_model_with_mapie('xgboost', xgboost_best_params)
  File "C:\Users\prite\Desktop\mlops-timeseries\mlops_timeseries\models\trainer.py", line 438, in train_model_with_mapie
    mapie_model.fit(
  File "C:\Users\prite\Desktop\mlops-timeseries\.venv\Lib\site-packages\mapie\regression\regression.py", line 555, in fit
    self.conformity_score_function_.get_conformity_scores(
  File "C:\Users\prite\Desktop\mlops-timeseries\.venv\Lib\site-packages\mapie\conformity_scores\regression.py", line 107, in get_conformity_scores
    self.check_consistency(y, y_pred, conformity_scores, **kwargs)
  File "C:\Users\prite\Desktop\mlops-timeseries\.venv\Lib\site-packages\mapie\conformity_scores\regression.py", line 150, in check_consistency
    raise ValueError(
ValueError: The two functions get_conformity_scores and get_estimation_distribution of the BaseRegressionScore class are not consistent. The following equation must be verified: self.get_estimation_distribution(y_pred, self.get_conformity_scores(y, y_pred)) == y. The maximum conformity score is 6.103515625e-05. The eps attribute may need to be increased if you are sure that the two methods are consistent.

