2024-12-08 13:48:01,794 - ModelTrainer - INFO - Initialized ModelTrainer with 100 trials and 15 workers
2024-12-08 13:48:01,794 - ModelTrainer - INFO - Starting overnight training pipeline...
2024-12-08 13:48:01,794 - ModelTrainer - INFO - Loading data...
2024-12-08 13:48:02,323 - ModelTrainer - INFO - Data loaded in 0.53 seconds
2024-12-08 13:48:02,324 - ModelTrainer - INFO - Train shape: (2431886, 20)
2024-12-08 13:48:02,324 - ModelTrainer - INFO - Valid shape: (256128, 20)
2024-12-08 13:48:02,324 - ModelTrainer - INFO - Test shape: (256157, 20)
2024-12-08 13:48:02,324 - ModelTrainer - INFO - Features: ['hour', 'day_of_week', 'month', 'is_weekend', 'temperature_2m', 'relative_humidity_2m', 'wind_speed_10m', 'building_class_encoded', 'cluster_size', 'demand_lag_24h', 'demand_lag_168h', 'demand_rolling_mean_24h']
2024-12-08 13:48:02,417 - ModelTrainer - INFO - Found existing checkpoint
2024-12-08 13:48:02,417 - ModelTrainer - INFO - Starting training with completed models: ['lightgbm']
2024-12-08 13:48:02,417 - ModelTrainer - INFO - Training XGBoost with best parameters...
2024-12-08 13:48:02,417 - ModelTrainer - INFO - Training final xgboost model with MAPIE...
2024-12-08 13:48:02,417 - ModelTrainer - INFO - Training base model...
2024-12-08 13:48:53,130 - ModelTrainer - INFO - Training MAPIE models...
2024-12-08 13:48:53,130 - ModelTrainer - INFO - Fitting MAPIE model...
2024-12-08 13:48:53,136 - ModelTrainer - WARNING - MAPIE training failed with naive method, trying jackknife...
2024-12-08 13:48:53,140 - ModelTrainer - ERROR - Error in xgboost training: Invalid method. Allowed values are ['naive', 'base', 'plus', 'minmax'].
2024-12-08 13:48:53,160 - ModelTrainer - ERROR - Traceback (most recent call last):
  File "C:\Users\prite\Desktop\mlops-timeseries\mlops_timeseries\models\trainer.py", line 444, in train_model_with_mapie
    mapie_model.fit(
  File "C:\Users\prite\Desktop\mlops-timeseries\.venv\Lib\site-packages\mapie\regression\regression.py", line 531, in fit
    groups) = self._check_fit_parameters(X, y, sample_weight, groups)
              ^^^^^^^^^^^^^^^^^^^^^^^^^^^^^^^^^^^^^^^^^^^^^^^^^^^^^^^
  File "C:\Users\prite\Desktop\mlops-timeseries\.venv\Lib\site-packages\mapie\regression\regression.py", line 439, in _check_fit_parameters
    cs_estimator = check_regression_conformity_score(
                   ^^^^^^^^^^^^^^^^^^^^^^^^^^^^^^^^^^
  File "C:\Users\prite\Desktop\mlops-timeseries\.venv\Lib\site-packages\mapie\conformity_scores\utils.py", line 72, in check_regression_conformity_score
    raise ValueError(
ValueError: Invalid conformity_score argument.
Must be None or a BaseRegressionScore instance.

During handling of the above exception, another exception occurred:

Traceback (most recent call last):
  File "C:\Users\prite\Desktop\mlops-timeseries\mlops_timeseries\models\trainer.py", line 460, in train_model_with_mapie
    mapie_model.fit(
  File "C:\Users\prite\Desktop\mlops-timeseries\.venv\Lib\site-packages\mapie\regression\regression.py", line 531, in fit
    groups) = self._check_fit_parameters(X, y, sample_weight, groups)
              ^^^^^^^^^^^^^^^^^^^^^^^^^^^^^^^^^^^^^^^^^^^^^^^^^^^^^^^
  File "C:\Users\prite\Desktop\mlops-timeseries\.venv\Lib\site-packages\mapie\regression\regression.py", line 430, in _check_fit_parameters
    self._check_parameters()
  File "C:\Users\prite\Desktop\mlops-timeseries\.venv\Lib\site-packages\mapie\regression\regression.py", line 256, in _check_parameters
    self._check_method(self.method)
  File "C:\Users\prite\Desktop\mlops-timeseries\.venv\Lib\site-packages\mapie\regression\regression.py", line 283, in _check_method
    raise ValueError(
ValueError: Invalid method. Allowed values are ['naive', 'base', 'plus', 'minmax'].

2024-12-08 13:48:53,162 - ModelTrainer - ERROR - Error training XGBoost: Invalid method. Allowed values are ['naive', 'base', 'plus', 'minmax'].
2024-12-08 13:48:53,163 - ModelTrainer - ERROR - Traceback (most recent call last):
  File "C:\Users\prite\Desktop\mlops-timeseries\mlops_timeseries\models\trainer.py", line 444, in train_model_with_mapie
    mapie_model.fit(
  File "C:\Users\prite\Desktop\mlops-timeseries\.venv\Lib\site-packages\mapie\regression\regression.py", line 531, in fit
    groups) = self._check_fit_parameters(X, y, sample_weight, groups)
              ^^^^^^^^^^^^^^^^^^^^^^^^^^^^^^^^^^^^^^^^^^^^^^^^^^^^^^^
  File "C:\Users\prite\Desktop\mlops-timeseries\.venv\Lib\site-packages\mapie\regression\regression.py", line 439, in _check_fit_parameters
    cs_estimator = check_regression_conformity_score(
                   ^^^^^^^^^^^^^^^^^^^^^^^^^^^^^^^^^^
  File "C:\Users\prite\Desktop\mlops-timeseries\.venv\Lib\site-packages\mapie\conformity_scores\utils.py", line 72, in check_regression_conformity_score
    raise ValueError(
ValueError: Invalid conformity_score argument.
Must be None or a BaseRegressionScore instance.

During handling of the above exception, another exception occurred:

Traceback (most recent call last):
  File "C:\Users\prite\Desktop\mlops-timeseries\mlops_timeseries\models\trainer.py", line 721, in train_models
    self.train_model_with_mapie('xgboost', xgboost_best_params)
  File "C:\Users\prite\Desktop\mlops-timeseries\mlops_timeseries\models\trainer.py", line 460, in train_model_with_mapie
    mapie_model.fit(
  File "C:\Users\prite\Desktop\mlops-timeseries\.venv\Lib\site-packages\mapie\regression\regression.py", line 531, in fit
    groups) = self._check_fit_parameters(X, y, sample_weight, groups)
              ^^^^^^^^^^^^^^^^^^^^^^^^^^^^^^^^^^^^^^^^^^^^^^^^^^^^^^^
  File "C:\Users\prite\Desktop\mlops-timeseries\.venv\Lib\site-packages\mapie\regression\regression.py", line 430, in _check_fit_parameters
    self._check_parameters()
  File "C:\Users\prite\Desktop\mlops-timeseries\.venv\Lib\site-packages\mapie\regression\regression.py", line 256, in _check_parameters
    self._check_method(self.method)
  File "C:\Users\prite\Desktop\mlops-timeseries\.venv\Lib\site-packages\mapie\regression\regression.py", line 283, in _check_method
    raise ValueError(
ValueError: Invalid method. Allowed values are ['naive', 'base', 'plus', 'minmax'].

2024-12-08 13:48:53,166 - ModelTrainer - ERROR - Error in model training pipeline
2024-12-08 13:48:53,166 - ModelTrainer - ERROR - Traceback (most recent call last):
  File "C:\Users\prite\Desktop\mlops-timeseries\mlops_timeseries\models\trainer.py", line 444, in train_model_with_mapie
    mapie_model.fit(
  File "C:\Users\prite\Desktop\mlops-timeseries\.venv\Lib\site-packages\mapie\regression\regression.py", line 531, in fit
    groups) = self._check_fit_parameters(X, y, sample_weight, groups)
              ^^^^^^^^^^^^^^^^^^^^^^^^^^^^^^^^^^^^^^^^^^^^^^^^^^^^^^^
  File "C:\Users\prite\Desktop\mlops-timeseries\.venv\Lib\site-packages\mapie\regression\regression.py", line 439, in _check_fit_parameters
    cs_estimator = check_regression_conformity_score(
                   ^^^^^^^^^^^^^^^^^^^^^^^^^^^^^^^^^^
  File "C:\Users\prite\Desktop\mlops-timeseries\.venv\Lib\site-packages\mapie\conformity_scores\utils.py", line 72, in check_regression_conformity_score
    raise ValueError(
ValueError: Invalid conformity_score argument.
Must be None or a BaseRegressionScore instance.

During handling of the above exception, another exception occurred:

Traceback (most recent call last):
  File "C:\Users\prite\Desktop\mlops-timeseries\mlops_timeseries\models\trainer.py", line 721, in train_models
    self.train_model_with_mapie('xgboost', xgboost_best_params)
  File "C:\Users\prite\Desktop\mlops-timeseries\mlops_timeseries\models\trainer.py", line 460, in train_model_with_mapie
    mapie_model.fit(
  File "C:\Users\prite\Desktop\mlops-timeseries\.venv\Lib\site-packages\mapie\regression\regression.py", line 531, in fit
    groups) = self._check_fit_parameters(X, y, sample_weight, groups)
              ^^^^^^^^^^^^^^^^^^^^^^^^^^^^^^^^^^^^^^^^^^^^^^^^^^^^^^^
  File "C:\Users\prite\Desktop\mlops-timeseries\.venv\Lib\site-packages\mapie\regression\regression.py", line 430, in _check_fit_parameters
    self._check_parameters()
  File "C:\Users\prite\Desktop\mlops-timeseries\.venv\Lib\site-packages\mapie\regression\regression.py", line 256, in _check_parameters
    self._check_method(self.method)
  File "C:\Users\prite\Desktop\mlops-timeseries\.venv\Lib\site-packages\mapie\regression\regression.py", line 283, in _check_method
    raise ValueError(
ValueError: Invalid method. Allowed values are ['naive', 'base', 'plus', 'minmax'].

