2024-12-08 04:50:21,412 - ModelTrainer - INFO - Initialized ModelTrainer with 100 trials and 15 workers
2024-12-08 04:50:21,413 - ModelTrainer - INFO - Starting overnight training pipeline...
2024-12-08 04:50:21,413 - ModelTrainer - INFO - Loading data...
2024-12-08 04:50:21,910 - ModelTrainer - INFO - Data loaded in 0.50 seconds
2024-12-08 04:50:21,911 - ModelTrainer - INFO - Train shape: (2431886, 20)
2024-12-08 04:50:21,911 - ModelTrainer - INFO - Valid shape: (256128, 20)
2024-12-08 04:50:21,912 - ModelTrainer - INFO - Test shape: (256157, 20)
2024-12-08 04:50:21,912 - ModelTrainer - INFO - Features: ['hour', 'day_of_week', 'month', 'is_weekend', 'temperature_2m', 'relative_humidity_2m', 'wind_speed_10m', 'building_class_encoded', 'cluster_size', 'demand_lag_24h', 'demand_lag_168h', 'demand_rolling_mean_24h']
2024-12-08 04:50:21,988 - ModelTrainer - INFO - Found existing checkpoint
2024-12-08 04:50:21,988 - ModelTrainer - INFO - Resuming training. Completed models: ['lightgbm']
2024-12-08 04:50:22,037 - ModelTrainer - INFO - 
Optimizing xgboost...
2024-12-08 04:50:22,125 - ModelTrainer - INFO - Restored 0 trials for xgboost
2024-12-08 04:50:22,167 - ModelTrainer - INFO - Current memory usage: 944.50 MB
2024-12-08 04:50:22,329 - ModelTrainer - ERROR - Error in XGBoost trial 1: XGBModel.fit() got an unexpected keyword argument 'callbacks'
2024-12-08 04:50:22,332 - ModelTrainer - ERROR - Error in XGBoost trial 0: XGBModel.fit() got an unexpected keyword argument 'callbacks'
2024-12-08 04:50:22,355 - ModelTrainer - ERROR - Error in XGBoost trial 8: XGBModel.fit() got an unexpected keyword argument 'callbacks'
2024-12-08 04:50:22,357 - ModelTrainer - ERROR - Error in XGBoost trial 2: XGBModel.fit() got an unexpected keyword argument 'callbacks'
2024-12-08 04:50:22,364 - ModelTrainer - ERROR - Error in XGBoost trial 4: XGBModel.fit() got an unexpected keyword argument 'callbacks'
2024-12-08 04:50:22,365 - ModelTrainer - ERROR - Error in XGBoost trial 7: XGBModel.fit() got an unexpected keyword argument 'callbacks'
2024-12-08 04:50:22,366 - ModelTrainer - ERROR - Error in XGBoost trial 5: XGBModel.fit() got an unexpected keyword argument 'callbacks'
2024-12-08 04:50:22,366 - ModelTrainer - ERROR - Error in XGBoost trial 10: XGBModel.fit() got an unexpected keyword argument 'callbacks'
2024-12-08 04:50:22,367 - ModelTrainer - ERROR - Error in XGBoost trial 9: XGBModel.fit() got an unexpected keyword argument 'callbacks'
2024-12-08 04:50:22,371 - ModelTrainer - ERROR - Error in XGBoost trial 6: XGBModel.fit() got an unexpected keyword argument 'callbacks'
2024-12-08 04:50:22,381 - ModelTrainer - ERROR - Error in XGBoost trial 3: XGBModel.fit() got an unexpected keyword argument 'callbacks'
2024-12-08 04:50:22,398 - ModelTrainer - ERROR - Error in XGBoost trial 11: XGBModel.fit() got an unexpected keyword argument 'callbacks'
2024-12-08 04:50:22,399 - ModelTrainer - ERROR - Error in XGBoost trial 13: XGBModel.fit() got an unexpected keyword argument 'callbacks'
2024-12-08 04:50:22,399 - ModelTrainer - ERROR - Error in XGBoost trial 12: XGBModel.fit() got an unexpected keyword argument 'callbacks'
2024-12-08 04:50:22,440 - ModelTrainer - ERROR - Error in XGBoost trial 14: XGBModel.fit() got an unexpected keyword argument 'callbacks'
2024-12-08 04:50:22,455 - ModelTrainer - ERROR - Error in XGBoost trial 16: XGBModel.fit() got an unexpected keyword argument 'callbacks'
2024-12-08 04:50:22,460 - ModelTrainer - ERROR - Error in XGBoost trial 15: XGBModel.fit() got an unexpected keyword argument 'callbacks'
2024-12-08 04:50:22,506 - ModelTrainer - ERROR - Error in XGBoost trial 17: XGBModel.fit() got an unexpected keyword argument 'callbacks'
2024-12-08 04:50:22,512 - ModelTrainer - ERROR - Error in XGBoost trial 18: XGBModel.fit() got an unexpected keyword argument 'callbacks'
2024-12-08 04:50:22,557 - ModelTrainer - ERROR - Error in XGBoost trial 20: XGBModel.fit() got an unexpected keyword argument 'callbacks'
2024-12-08 04:50:22,588 - ModelTrainer - ERROR - Error in XGBoost trial 19: XGBModel.fit() got an unexpected keyword argument 'callbacks'
2024-12-08 04:50:22,601 - ModelTrainer - ERROR - Error in XGBoost trial 22: XGBModel.fit() got an unexpected keyword argument 'callbacks'
2024-12-08 04:50:22,614 - ModelTrainer - ERROR - Error in XGBoost trial 21: XGBModel.fit() got an unexpected keyword argument 'callbacks'
2024-12-08 04:50:22,638 - ModelTrainer - ERROR - Error in XGBoost trial 24: XGBModel.fit() got an unexpected keyword argument 'callbacks'
2024-12-08 04:50:22,662 - ModelTrainer - ERROR - Error in XGBoost trial 23: XGBModel.fit() got an unexpected keyword argument 'callbacks'
2024-12-08 04:50:22,698 - ModelTrainer - ERROR - Error in XGBoost trial 26: XGBModel.fit() got an unexpected keyword argument 'callbacks'
2024-12-08 04:50:22,700 - ModelTrainer - ERROR - Error in XGBoost trial 25: XGBModel.fit() got an unexpected keyword argument 'callbacks'
2024-12-08 04:50:22,806 - ModelTrainer - ERROR - Error in XGBoost trial 27: XGBModel.fit() got an unexpected keyword argument 'callbacks'
2024-12-08 04:50:22,891 - ModelTrainer - ERROR - Error in XGBoost trial 30: XGBModel.fit() got an unexpected keyword argument 'callbacks'
2024-12-08 04:50:22,891 - ModelTrainer - ERROR - Error in XGBoost trial 29: XGBModel.fit() got an unexpected keyword argument 'callbacks'
2024-12-08 04:50:22,900 - ModelTrainer - ERROR - Error in XGBoost trial 28: XGBModel.fit() got an unexpected keyword argument 'callbacks'
2024-12-08 04:50:22,913 - ModelTrainer - ERROR - Error in XGBoost trial 31: XGBModel.fit() got an unexpected keyword argument 'callbacks'
2024-12-08 04:50:22,941 - ModelTrainer - ERROR - Error in XGBoost trial 32: XGBModel.fit() got an unexpected keyword argument 'callbacks'
2024-12-08 04:50:22,945 - ModelTrainer - ERROR - Error in XGBoost trial 33: XGBModel.fit() got an unexpected keyword argument 'callbacks'
2024-12-08 04:50:23,128 - ModelTrainer - ERROR - Error in XGBoost trial 34: XGBModel.fit() got an unexpected keyword argument 'callbacks'
2024-12-08 04:50:23,156 - ModelTrainer - ERROR - Error in XGBoost trial 37: XGBModel.fit() got an unexpected keyword argument 'callbacks'
2024-12-08 04:50:23,197 - ModelTrainer - ERROR - Error in XGBoost trial 35: XGBModel.fit() got an unexpected keyword argument 'callbacks'
2024-12-08 04:50:23,223 - ModelTrainer - ERROR - Error in XGBoost trial 40: XGBModel.fit() got an unexpected keyword argument 'callbacks'
2024-12-08 04:50:23,224 - ModelTrainer - ERROR - Error in XGBoost trial 38: XGBModel.fit() got an unexpected keyword argument 'callbacks'
2024-12-08 04:50:23,224 - ModelTrainer - ERROR - Error in XGBoost trial 36: XGBModel.fit() got an unexpected keyword argument 'callbacks'
2024-12-08 04:50:23,224 - ModelTrainer - ERROR - Error in XGBoost trial 39: XGBModel.fit() got an unexpected keyword argument 'callbacks'
2024-12-08 04:50:23,246 - ModelTrainer - ERROR - Error in XGBoost trial 41: XGBModel.fit() got an unexpected keyword argument 'callbacks'
2024-12-08 04:50:23,302 - ModelTrainer - ERROR - Error in XGBoost trial 42: XGBModel.fit() got an unexpected keyword argument 'callbacks'
2024-12-08 04:50:23,390 - ModelTrainer - ERROR - Error in XGBoost trial 43: XGBModel.fit() got an unexpected keyword argument 'callbacks'
2024-12-08 04:50:23,395 - ModelTrainer - ERROR - Error in XGBoost trial 44: XGBModel.fit() got an unexpected keyword argument 'callbacks'
2024-12-08 04:50:23,428 - ModelTrainer - ERROR - Error in XGBoost trial 45: XGBModel.fit() got an unexpected keyword argument 'callbacks'
2024-12-08 04:50:23,459 - ModelTrainer - ERROR - Error in XGBoost trial 48: XGBModel.fit() got an unexpected keyword argument 'callbacks'
2024-12-08 04:50:23,482 - ModelTrainer - ERROR - Error in XGBoost trial 47: XGBModel.fit() got an unexpected keyword argument 'callbacks'
2024-12-08 04:50:23,485 - ModelTrainer - ERROR - Error in XGBoost trial 46: XGBModel.fit() got an unexpected keyword argument 'callbacks'
2024-12-08 04:50:23,496 - ModelTrainer - ERROR - Error in XGBoost trial 49: XGBModel.fit() got an unexpected keyword argument 'callbacks'
2024-12-08 04:50:23,581 - ModelTrainer - ERROR - Error in XGBoost trial 52: XGBModel.fit() got an unexpected keyword argument 'callbacks'
2024-12-08 04:50:23,586 - ModelTrainer - ERROR - Error in XGBoost trial 50: XGBModel.fit() got an unexpected keyword argument 'callbacks'
2024-12-08 04:50:23,620 - ModelTrainer - ERROR - Error in XGBoost trial 54: XGBModel.fit() got an unexpected keyword argument 'callbacks'
2024-12-08 04:50:23,650 - ModelTrainer - ERROR - Error in XGBoost trial 53: XGBModel.fit() got an unexpected keyword argument 'callbacks'
2024-12-08 04:50:23,660 - ModelTrainer - ERROR - Error in XGBoost trial 51: XGBModel.fit() got an unexpected keyword argument 'callbacks'
2024-12-08 04:50:23,690 - ModelTrainer - ERROR - Error in XGBoost trial 55: XGBModel.fit() got an unexpected keyword argument 'callbacks'
2024-12-08 04:50:23,700 - ModelTrainer - ERROR - Error in XGBoost trial 57: XGBModel.fit() got an unexpected keyword argument 'callbacks'
2024-12-08 04:50:23,710 - ModelTrainer - ERROR - Error in XGBoost trial 56: XGBModel.fit() got an unexpected keyword argument 'callbacks'
2024-12-08 04:50:23,766 - ModelTrainer - ERROR - Error in XGBoost trial 58: XGBModel.fit() got an unexpected keyword argument 'callbacks'
2024-12-08 04:50:23,815 - ModelTrainer - ERROR - Error in XGBoost trial 59: XGBModel.fit() got an unexpected keyword argument 'callbacks'
2024-12-08 04:50:23,817 - ModelTrainer - ERROR - Error in XGBoost trial 60: XGBModel.fit() got an unexpected keyword argument 'callbacks'
2024-12-08 04:50:23,893 - ModelTrainer - ERROR - Error in XGBoost trial 63: XGBModel.fit() got an unexpected keyword argument 'callbacks'
2024-12-08 04:50:23,912 - ModelTrainer - ERROR - Error in XGBoost trial 61: XGBModel.fit() got an unexpected keyword argument 'callbacks'
2024-12-08 04:50:23,948 - ModelTrainer - ERROR - Error in XGBoost trial 62: XGBModel.fit() got an unexpected keyword argument 'callbacks'
2024-12-08 04:50:23,984 - ModelTrainer - ERROR - Error in XGBoost trial 65: XGBModel.fit() got an unexpected keyword argument 'callbacks'
2024-12-08 04:50:23,984 - ModelTrainer - ERROR - Error in XGBoost trial 64: XGBModel.fit() got an unexpected keyword argument 'callbacks'
2024-12-08 04:50:24,012 - ModelTrainer - ERROR - Error in XGBoost trial 66: XGBModel.fit() got an unexpected keyword argument 'callbacks'
2024-12-08 04:50:24,039 - ModelTrainer - ERROR - Error in XGBoost trial 67: XGBModel.fit() got an unexpected keyword argument 'callbacks'
2024-12-08 04:50:24,103 - ModelTrainer - ERROR - Error in XGBoost trial 68: XGBModel.fit() got an unexpected keyword argument 'callbacks'
2024-12-08 04:50:24,110 - ModelTrainer - ERROR - Error in XGBoost trial 69: XGBModel.fit() got an unexpected keyword argument 'callbacks'
2024-12-08 04:50:24,132 - ModelTrainer - ERROR - Error in XGBoost trial 71: XGBModel.fit() got an unexpected keyword argument 'callbacks'
2024-12-08 04:50:24,180 - ModelTrainer - ERROR - Error in XGBoost trial 70: XGBModel.fit() got an unexpected keyword argument 'callbacks'
2024-12-08 04:50:24,196 - ModelTrainer - ERROR - Error in XGBoost trial 72: XGBModel.fit() got an unexpected keyword argument 'callbacks'
2024-12-08 04:50:24,211 - ModelTrainer - ERROR - Error in XGBoost trial 73: XGBModel.fit() got an unexpected keyword argument 'callbacks'
2024-12-08 04:50:24,277 - ModelTrainer - ERROR - Error in XGBoost trial 75: XGBModel.fit() got an unexpected keyword argument 'callbacks'
2024-12-08 04:50:24,296 - ModelTrainer - ERROR - Error in XGBoost trial 74: XGBModel.fit() got an unexpected keyword argument 'callbacks'
2024-12-08 04:50:24,366 - ModelTrainer - ERROR - Error in XGBoost trial 76: XGBModel.fit() got an unexpected keyword argument 'callbacks'
2024-12-08 04:50:24,367 - ModelTrainer - ERROR - Error in XGBoost trial 78: XGBModel.fit() got an unexpected keyword argument 'callbacks'
2024-12-08 04:50:24,411 - ModelTrainer - ERROR - Error in XGBoost trial 77: XGBModel.fit() got an unexpected keyword argument 'callbacks'
2024-12-08 04:50:24,462 - ModelTrainer - ERROR - Error in XGBoost trial 81: XGBModel.fit() got an unexpected keyword argument 'callbacks'
2024-12-08 04:50:24,466 - ModelTrainer - ERROR - Error in XGBoost trial 80: XGBModel.fit() got an unexpected keyword argument 'callbacks'
2024-12-08 04:50:24,466 - ModelTrainer - ERROR - Error in XGBoost trial 79: XGBModel.fit() got an unexpected keyword argument 'callbacks'
2024-12-08 04:50:24,514 - ModelTrainer - ERROR - Error in XGBoost trial 82: XGBModel.fit() got an unexpected keyword argument 'callbacks'
2024-12-08 04:50:24,583 - ModelTrainer - ERROR - Error in XGBoost trial 85: XGBModel.fit() got an unexpected keyword argument 'callbacks'
2024-12-08 04:50:24,584 - ModelTrainer - ERROR - Error in XGBoost trial 83: XGBModel.fit() got an unexpected keyword argument 'callbacks'
2024-12-08 04:50:24,621 - ModelTrainer - ERROR - Error in XGBoost trial 84: XGBModel.fit() got an unexpected keyword argument 'callbacks'
2024-12-08 04:50:24,625 - ModelTrainer - ERROR - Error in XGBoost trial 87: XGBModel.fit() got an unexpected keyword argument 'callbacks'
2024-12-08 04:50:24,640 - ModelTrainer - ERROR - Error in XGBoost trial 86: XGBModel.fit() got an unexpected keyword argument 'callbacks'
2024-12-08 04:50:24,688 - ModelTrainer - ERROR - Error in XGBoost trial 90: XGBModel.fit() got an unexpected keyword argument 'callbacks'
2024-12-08 04:50:24,695 - ModelTrainer - ERROR - Error in XGBoost trial 88: XGBModel.fit() got an unexpected keyword argument 'callbacks'
2024-12-08 04:50:24,725 - ModelTrainer - ERROR - Error in XGBoost trial 89: XGBModel.fit() got an unexpected keyword argument 'callbacks'
2024-12-08 04:50:24,841 - ModelTrainer - ERROR - Error in XGBoost trial 93: XGBModel.fit() got an unexpected keyword argument 'callbacks'
2024-12-08 04:50:24,841 - ModelTrainer - ERROR - Error in XGBoost trial 92: XGBModel.fit() got an unexpected keyword argument 'callbacks'
2024-12-08 04:50:24,841 - ModelTrainer - ERROR - Error in XGBoost trial 91: XGBModel.fit() got an unexpected keyword argument 'callbacks'
2024-12-08 04:50:24,955 - ModelTrainer - ERROR - Error in XGBoost trial 94: XGBModel.fit() got an unexpected keyword argument 'callbacks'
2024-12-08 04:50:24,955 - ModelTrainer - ERROR - Error in XGBoost trial 96: XGBModel.fit() got an unexpected keyword argument 'callbacks'
2024-12-08 04:50:24,962 - ModelTrainer - ERROR - Error in XGBoost trial 95: XGBModel.fit() got an unexpected keyword argument 'callbacks'
2024-12-08 04:50:24,969 - ModelTrainer - ERROR - Error in XGBoost trial 98: XGBModel.fit() got an unexpected keyword argument 'callbacks'
2024-12-08 04:50:24,969 - ModelTrainer - ERROR - Error in XGBoost trial 99: XGBModel.fit() got an unexpected keyword argument 'callbacks'
2024-12-08 04:50:24,969 - ModelTrainer - ERROR - Error in XGBoost trial 97: XGBModel.fit() got an unexpected keyword argument 'callbacks'
2024-12-08 04:50:25,119 - ModelTrainer - ERROR - Error during xgboost optimization: No trials are completed yet.
2024-12-08 04:50:25,121 - ModelTrainer - ERROR - Traceback (most recent call last):
  File "C:\Users\prite\Desktop\mlops-timeseries\mlops_timeseries\models\trainer.py", line 531, in train_models
    if study.best_trial is not None:
       ^^^^^^^^^^^^^^^^
  File "C:\Users\prite\Desktop\mlops-timeseries\.venv\Lib\site-packages\optuna\study\study.py", line 162, in best_trial
    best_trial = self._storage.get_best_trial(self._study_id)
                 ^^^^^^^^^^^^^^^^^^^^^^^^^^^^^^^^^^^^^^^^^^^^
  File "C:\Users\prite\Desktop\mlops-timeseries\.venv\Lib\site-packages\optuna\storages\_in_memory.py", line 249, in get_best_trial
    raise ValueError("No trials are completed yet.")
ValueError: No trials are completed yet.

2024-12-08 04:50:25,123 - ModelTrainer - WARNING - Falling back to default parameters for xgboost
2024-12-08 04:50:25,175 - ModelTrainer - INFO - Training final xgboost model with MAPIE...
2024-12-08 04:50:25,202 - ModelTrainer - ERROR - Error in xgboost training: XGBModel.fit() got an unexpected keyword argument 'callbacks'
2024-12-08 04:50:25,204 - ModelTrainer - ERROR - Traceback (most recent call last):
  File "C:\Users\prite\Desktop\mlops-timeseries\mlops_timeseries\models\trainer.py", line 531, in train_models
    if study.best_trial is not None:
       ^^^^^^^^^^^^^^^^
  File "C:\Users\prite\Desktop\mlops-timeseries\.venv\Lib\site-packages\optuna\study\study.py", line 162, in best_trial
    best_trial = self._storage.get_best_trial(self._study_id)
                 ^^^^^^^^^^^^^^^^^^^^^^^^^^^^^^^^^^^^^^^^^^^^
  File "C:\Users\prite\Desktop\mlops-timeseries\.venv\Lib\site-packages\optuna\storages\_in_memory.py", line 249, in get_best_trial
    raise ValueError("No trials are completed yet.")
ValueError: No trials are completed yet.

During handling of the above exception, another exception occurred:

Traceback (most recent call last):
  File "C:\Users\prite\Desktop\mlops-timeseries\mlops_timeseries\models\trainer.py", line 361, in train_model_with_mapie
    model.fit(
  File "C:\Users\prite\Desktop\mlops-timeseries\.venv\Lib\site-packages\xgboost\core.py", line 726, in inner_f
    return func(**kwargs)
           ^^^^^^^^^^^^^^
TypeError: XGBModel.fit() got an unexpected keyword argument 'callbacks'

2024-12-08 04:50:25,206 - ModelTrainer - ERROR - Error in model training pipeline
2024-12-08 04:50:25,207 - ModelTrainer - ERROR - Traceback (most recent call last):
  File "C:\Users\prite\Desktop\mlops-timeseries\mlops_timeseries\models\trainer.py", line 531, in train_models
    if study.best_trial is not None:
       ^^^^^^^^^^^^^^^^
  File "C:\Users\prite\Desktop\mlops-timeseries\.venv\Lib\site-packages\optuna\study\study.py", line 162, in best_trial
    best_trial = self._storage.get_best_trial(self._study_id)
                 ^^^^^^^^^^^^^^^^^^^^^^^^^^^^^^^^^^^^^^^^^^^^
  File "C:\Users\prite\Desktop\mlops-timeseries\.venv\Lib\site-packages\optuna\storages\_in_memory.py", line 249, in get_best_trial
    raise ValueError("No trials are completed yet.")
ValueError: No trials are completed yet.

During handling of the above exception, another exception occurred:

Traceback (most recent call last):
  File "C:\Users\prite\Desktop\mlops-timeseries\mlops_timeseries\models\trainer.py", line 569, in train_models
    self.train_model_with_mapie(model_type, default_params[model_type].copy())
  File "C:\Users\prite\Desktop\mlops-timeseries\mlops_timeseries\models\trainer.py", line 361, in train_model_with_mapie
    model.fit(
  File "C:\Users\prite\Desktop\mlops-timeseries\.venv\Lib\site-packages\xgboost\core.py", line 726, in inner_f
    return func(**kwargs)
           ^^^^^^^^^^^^^^
TypeError: XGBModel.fit() got an unexpected keyword argument 'callbacks'

