2024-12-08 02:36:56,044 - ModelTrainer - INFO - Initialized ModelTrainer with 100 trials and 15 workers
2024-12-08 02:36:56,044 - ModelTrainer - INFO - Starting overnight training pipeline...
2024-12-08 02:36:56,044 - ModelTrainer - INFO - Loading data...
2024-12-08 02:36:56,523 - ModelTrainer - INFO - Data loaded in 0.48 seconds
2024-12-08 02:36:56,524 - ModelTrainer - INFO - Train shape: (2431886, 20)
2024-12-08 02:36:56,524 - ModelTrainer - INFO - Valid shape: (256128, 20)
2024-12-08 02:36:56,524 - ModelTrainer - INFO - Test shape: (256157, 20)
2024-12-08 02:36:56,524 - ModelTrainer - INFO - Features: ['hour', 'day_of_week', 'month', 'is_weekend', 'temperature_2m', 'relative_humidity_2m', 'wind_speed_10m', 'building_class_encoded', 'cluster_size', 'demand_lag_24h', 'demand_lag_168h', 'demand_rolling_mean_24h']
2024-12-08 02:36:56,560 - ModelTrainer - INFO - 
Optimizing lightgbm...
2024-12-08 02:37:01,061 - ModelTrainer - ERROR - Error in LightGBM trial 1: LGBMRegressor.fit() got an unexpected keyword argument 'verbose'
2024-12-08 02:37:01,105 - ModelTrainer - ERROR - Error in LightGBM trial 4: LGBMRegressor.fit() got an unexpected keyword argument 'verbose'
2024-12-08 02:37:01,156 - ModelTrainer - ERROR - Error in LightGBM trial 5: LGBMRegressor.fit() got an unexpected keyword argument 'verbose'
2024-12-08 02:37:01,177 - ModelTrainer - ERROR - Error in LightGBM trial 0: LGBMRegressor.fit() got an unexpected keyword argument 'verbose'
2024-12-08 02:37:01,218 - ModelTrainer - ERROR - Traceback (most recent call last):
  File "C:\Users\prite\Desktop\mlops-timeseries\mlops_timeseries\models\trainer.py", line 253, in optimize_lightgbm
    model.fit(
TypeError: LGBMRegressor.fit() got an unexpected keyword argument 'verbose'

2024-12-08 02:37:01,219 - ModelTrainer - ERROR - Traceback (most recent call last):
  File "C:\Users\prite\Desktop\mlops-timeseries\mlops_timeseries\models\trainer.py", line 253, in optimize_lightgbm
    model.fit(
TypeError: LGBMRegressor.fit() got an unexpected keyword argument 'verbose'

2024-12-08 02:37:01,220 - ModelTrainer - ERROR - Traceback (most recent call last):
  File "C:\Users\prite\Desktop\mlops-timeseries\mlops_timeseries\models\trainer.py", line 253, in optimize_lightgbm
    model.fit(
TypeError: LGBMRegressor.fit() got an unexpected keyword argument 'verbose'

2024-12-08 02:37:01,222 - ModelTrainer - ERROR - Traceback (most recent call last):
  File "C:\Users\prite\Desktop\mlops-timeseries\mlops_timeseries\models\trainer.py", line 253, in optimize_lightgbm
    model.fit(
TypeError: LGBMRegressor.fit() got an unexpected keyword argument 'verbose'

2024-12-08 02:37:01,284 - ModelTrainer - ERROR - Error in LightGBM trial 3: LGBMRegressor.fit() got an unexpected keyword argument 'verbose'
2024-12-08 02:37:01,511 - ModelTrainer - ERROR - Error in LightGBM trial 9: LGBMRegressor.fit() got an unexpected keyword argument 'verbose'
2024-12-08 02:37:01,515 - ModelTrainer - ERROR - Traceback (most recent call last):
  File "C:\Users\prite\Desktop\mlops-timeseries\mlops_timeseries\models\trainer.py", line 253, in optimize_lightgbm
    model.fit(
TypeError: LGBMRegressor.fit() got an unexpected keyword argument 'verbose'

2024-12-08 02:37:01,627 - ModelTrainer - ERROR - Traceback (most recent call last):
  File "C:\Users\prite\Desktop\mlops-timeseries\mlops_timeseries\models\trainer.py", line 253, in optimize_lightgbm
    model.fit(
TypeError: LGBMRegressor.fit() got an unexpected keyword argument 'verbose'

2024-12-08 02:37:01,651 - ModelTrainer - ERROR - Error in LightGBM trial 7: LGBMRegressor.fit() got an unexpected keyword argument 'verbose'
2024-12-08 02:37:01,707 - ModelTrainer - ERROR - Error in LightGBM trial 2: LGBMRegressor.fit() got an unexpected keyword argument 'verbose'
2024-12-08 02:37:01,723 - ModelTrainer - ERROR - Error in LightGBM trial 8: LGBMRegressor.fit() got an unexpected keyword argument 'verbose'
2024-12-08 02:37:01,729 - ModelTrainer - ERROR - Traceback (most recent call last):
  File "C:\Users\prite\Desktop\mlops-timeseries\mlops_timeseries\models\trainer.py", line 253, in optimize_lightgbm
    model.fit(
TypeError: LGBMRegressor.fit() got an unexpected keyword argument 'verbose'

2024-12-08 02:37:01,730 - ModelTrainer - ERROR - Traceback (most recent call last):
  File "C:\Users\prite\Desktop\mlops-timeseries\mlops_timeseries\models\trainer.py", line 253, in optimize_lightgbm
    model.fit(
TypeError: LGBMRegressor.fit() got an unexpected keyword argument 'verbose'

2024-12-08 02:37:01,732 - ModelTrainer - ERROR - Traceback (most recent call last):
  File "C:\Users\prite\Desktop\mlops-timeseries\mlops_timeseries\models\trainer.py", line 253, in optimize_lightgbm
    model.fit(
TypeError: LGBMRegressor.fit() got an unexpected keyword argument 'verbose'

2024-12-08 02:37:01,851 - ModelTrainer - ERROR - Error in LightGBM trial 6: LGBMRegressor.fit() got an unexpected keyword argument 'verbose'
2024-12-08 02:37:01,948 - ModelTrainer - ERROR - Error in LightGBM trial 12: LGBMRegressor.fit() got an unexpected keyword argument 'verbose'
2024-12-08 02:37:01,964 - ModelTrainer - ERROR - Error in LightGBM trial 10: LGBMRegressor.fit() got an unexpected keyword argument 'verbose'
2024-12-08 02:37:01,977 - ModelTrainer - ERROR - Error in LightGBM trial 11: LGBMRegressor.fit() got an unexpected keyword argument 'verbose'
2024-12-08 02:37:02,025 - ModelTrainer - ERROR - Traceback (most recent call last):
  File "C:\Users\prite\Desktop\mlops-timeseries\mlops_timeseries\models\trainer.py", line 253, in optimize_lightgbm
    model.fit(
TypeError: LGBMRegressor.fit() got an unexpected keyword argument 'verbose'

2024-12-08 02:37:02,128 - ModelTrainer - ERROR - Traceback (most recent call last):
  File "C:\Users\prite\Desktop\mlops-timeseries\mlops_timeseries\models\trainer.py", line 253, in optimize_lightgbm
    model.fit(
TypeError: LGBMRegressor.fit() got an unexpected keyword argument 'verbose'

2024-12-08 02:37:02,176 - ModelTrainer - ERROR - Traceback (most recent call last):
  File "C:\Users\prite\Desktop\mlops-timeseries\mlops_timeseries\models\trainer.py", line 253, in optimize_lightgbm
    model.fit(
TypeError: LGBMRegressor.fit() got an unexpected keyword argument 'verbose'

2024-12-08 02:37:02,276 - ModelTrainer - ERROR - Traceback (most recent call last):
  File "C:\Users\prite\Desktop\mlops-timeseries\mlops_timeseries\models\trainer.py", line 253, in optimize_lightgbm
    model.fit(
TypeError: LGBMRegressor.fit() got an unexpected keyword argument 'verbose'

2024-12-08 02:37:02,349 - ModelTrainer - ERROR - Error in LightGBM trial 14: LGBMRegressor.fit() got an unexpected keyword argument 'verbose'
2024-12-08 02:37:02,414 - ModelTrainer - ERROR - Error in LightGBM trial 13: LGBMRegressor.fit() got an unexpected keyword argument 'verbose'
2024-12-08 02:37:02,835 - ModelTrainer - ERROR - Traceback (most recent call last):
  File "C:\Users\prite\Desktop\mlops-timeseries\mlops_timeseries\models\trainer.py", line 253, in optimize_lightgbm
    model.fit(
TypeError: LGBMRegressor.fit() got an unexpected keyword argument 'verbose'

2024-12-08 02:37:02,836 - ModelTrainer - ERROR - Traceback (most recent call last):
  File "C:\Users\prite\Desktop\mlops-timeseries\mlops_timeseries\models\trainer.py", line 253, in optimize_lightgbm
    model.fit(
TypeError: LGBMRegressor.fit() got an unexpected keyword argument 'verbose'

2024-12-08 02:37:04,744 - ModelTrainer - ERROR - Error in LightGBM trial 16: LGBMRegressor.fit() got an unexpected keyword argument 'verbose'
2024-12-08 02:37:04,980 - ModelTrainer - ERROR - Traceback (most recent call last):
  File "C:\Users\prite\Desktop\mlops-timeseries\mlops_timeseries\models\trainer.py", line 253, in optimize_lightgbm
    model.fit(
TypeError: LGBMRegressor.fit() got an unexpected keyword argument 'verbose'

2024-12-08 02:37:05,199 - ModelTrainer - ERROR - Error in LightGBM trial 17: LGBMRegressor.fit() got an unexpected keyword argument 'verbose'
2024-12-08 02:37:05,400 - ModelTrainer - ERROR - Traceback (most recent call last):
  File "C:\Users\prite\Desktop\mlops-timeseries\mlops_timeseries\models\trainer.py", line 253, in optimize_lightgbm
    model.fit(
TypeError: LGBMRegressor.fit() got an unexpected keyword argument 'verbose'

2024-12-08 02:37:05,517 - ModelTrainer - ERROR - Error in LightGBM trial 15: LGBMRegressor.fit() got an unexpected keyword argument 'verbose'
2024-12-08 02:37:05,573 - ModelTrainer - ERROR - Traceback (most recent call last):
  File "C:\Users\prite\Desktop\mlops-timeseries\mlops_timeseries\models\trainer.py", line 253, in optimize_lightgbm
    model.fit(
TypeError: LGBMRegressor.fit() got an unexpected keyword argument 'verbose'

2024-12-08 02:37:05,945 - ModelTrainer - ERROR - Error in LightGBM trial 18: LGBMRegressor.fit() got an unexpected keyword argument 'verbose'
2024-12-08 02:37:05,994 - ModelTrainer - ERROR - Traceback (most recent call last):
  File "C:\Users\prite\Desktop\mlops-timeseries\mlops_timeseries\models\trainer.py", line 253, in optimize_lightgbm
    model.fit(
TypeError: LGBMRegressor.fit() got an unexpected keyword argument 'verbose'

2024-12-08 02:37:06,221 - ModelTrainer - ERROR - Error in LightGBM trial 19: LGBMRegressor.fit() got an unexpected keyword argument 'verbose'
2024-12-08 02:37:06,287 - ModelTrainer - ERROR - Error in LightGBM trial 20: LGBMRegressor.fit() got an unexpected keyword argument 'verbose'
2024-12-08 02:37:06,446 - ModelTrainer - ERROR - Traceback (most recent call last):
  File "C:\Users\prite\Desktop\mlops-timeseries\mlops_timeseries\models\trainer.py", line 253, in optimize_lightgbm
    model.fit(
TypeError: LGBMRegressor.fit() got an unexpected keyword argument 'verbose'

2024-12-08 02:37:06,727 - ModelTrainer - ERROR - Traceback (most recent call last):
  File "C:\Users\prite\Desktop\mlops-timeseries\mlops_timeseries\models\trainer.py", line 253, in optimize_lightgbm
    model.fit(
TypeError: LGBMRegressor.fit() got an unexpected keyword argument 'verbose'

2024-12-08 02:37:07,415 - ModelTrainer - ERROR - Error in LightGBM trial 24: LGBMRegressor.fit() got an unexpected keyword argument 'verbose'
2024-12-08 02:37:07,443 - ModelTrainer - ERROR - Error in LightGBM trial 22: LGBMRegressor.fit() got an unexpected keyword argument 'verbose'
2024-12-08 02:37:07,522 - ModelTrainer - ERROR - Traceback (most recent call last):
  File "C:\Users\prite\Desktop\mlops-timeseries\mlops_timeseries\models\trainer.py", line 253, in optimize_lightgbm
    model.fit(
TypeError: LGBMRegressor.fit() got an unexpected keyword argument 'verbose'

2024-12-08 02:37:07,615 - ModelTrainer - ERROR - Error in LightGBM trial 23: LGBMRegressor.fit() got an unexpected keyword argument 'verbose'
2024-12-08 02:37:07,617 - ModelTrainer - ERROR - Traceback (most recent call last):
  File "C:\Users\prite\Desktop\mlops-timeseries\mlops_timeseries\models\trainer.py", line 253, in optimize_lightgbm
    model.fit(
TypeError: LGBMRegressor.fit() got an unexpected keyword argument 'verbose'

2024-12-08 02:37:07,622 - ModelTrainer - ERROR - Traceback (most recent call last):
  File "C:\Users\prite\Desktop\mlops-timeseries\mlops_timeseries\models\trainer.py", line 253, in optimize_lightgbm
    model.fit(
TypeError: LGBMRegressor.fit() got an unexpected keyword argument 'verbose'

2024-12-08 02:37:07,971 - ModelTrainer - ERROR - Error in LightGBM trial 21: LGBMRegressor.fit() got an unexpected keyword argument 'verbose'
2024-12-08 02:37:07,995 - ModelTrainer - ERROR - Traceback (most recent call last):
  File "C:\Users\prite\Desktop\mlops-timeseries\mlops_timeseries\models\trainer.py", line 253, in optimize_lightgbm
    model.fit(
TypeError: LGBMRegressor.fit() got an unexpected keyword argument 'verbose'

2024-12-08 02:37:08,068 - ModelTrainer - ERROR - Error in LightGBM trial 25: LGBMRegressor.fit() got an unexpected keyword argument 'verbose'
2024-12-08 02:37:08,170 - ModelTrainer - ERROR - Error in LightGBM trial 27: LGBMRegressor.fit() got an unexpected keyword argument 'verbose'
2024-12-08 02:37:08,170 - ModelTrainer - ERROR - Traceback (most recent call last):
  File "C:\Users\prite\Desktop\mlops-timeseries\mlops_timeseries\models\trainer.py", line 253, in optimize_lightgbm
    model.fit(
TypeError: LGBMRegressor.fit() got an unexpected keyword argument 'verbose'

2024-12-08 02:37:08,173 - ModelTrainer - ERROR - Traceback (most recent call last):
  File "C:\Users\prite\Desktop\mlops-timeseries\mlops_timeseries\models\trainer.py", line 253, in optimize_lightgbm
    model.fit(
TypeError: LGBMRegressor.fit() got an unexpected keyword argument 'verbose'

2024-12-08 02:37:08,300 - ModelTrainer - ERROR - Error in LightGBM trial 26: LGBMRegressor.fit() got an unexpected keyword argument 'verbose'
2024-12-08 02:37:08,307 - ModelTrainer - ERROR - Traceback (most recent call last):
  File "C:\Users\prite\Desktop\mlops-timeseries\mlops_timeseries\models\trainer.py", line 253, in optimize_lightgbm
    model.fit(
TypeError: LGBMRegressor.fit() got an unexpected keyword argument 'verbose'

2024-12-08 02:37:08,495 - ModelTrainer - ERROR - Error in LightGBM trial 29: LGBMRegressor.fit() got an unexpected keyword argument 'verbose'
2024-12-08 02:37:08,495 - ModelTrainer - ERROR - Error in LightGBM trial 30: LGBMRegressor.fit() got an unexpected keyword argument 'verbose'
2024-12-08 02:37:08,496 - ModelTrainer - ERROR - Traceback (most recent call last):
  File "C:\Users\prite\Desktop\mlops-timeseries\mlops_timeseries\models\trainer.py", line 253, in optimize_lightgbm
    model.fit(
TypeError: LGBMRegressor.fit() got an unexpected keyword argument 'verbose'

2024-12-08 02:37:08,496 - ModelTrainer - ERROR - Traceback (most recent call last):
  File "C:\Users\prite\Desktop\mlops-timeseries\mlops_timeseries\models\trainer.py", line 253, in optimize_lightgbm
    model.fit(
TypeError: LGBMRegressor.fit() got an unexpected keyword argument 'verbose'

2024-12-08 02:37:08,552 - ModelTrainer - ERROR - Error in LightGBM trial 28: LGBMRegressor.fit() got an unexpected keyword argument 'verbose'
2024-12-08 02:37:08,564 - ModelTrainer - ERROR - Traceback (most recent call last):
  File "C:\Users\prite\Desktop\mlops-timeseries\mlops_timeseries\models\trainer.py", line 253, in optimize_lightgbm
    model.fit(
TypeError: LGBMRegressor.fit() got an unexpected keyword argument 'verbose'

2024-12-08 02:37:08,675 - ModelTrainer - ERROR - Error in LightGBM trial 33: LGBMRegressor.fit() got an unexpected keyword argument 'verbose'
2024-12-08 02:37:08,676 - ModelTrainer - ERROR - Traceback (most recent call last):
  File "C:\Users\prite\Desktop\mlops-timeseries\mlops_timeseries\models\trainer.py", line 253, in optimize_lightgbm
    model.fit(
TypeError: LGBMRegressor.fit() got an unexpected keyword argument 'verbose'

2024-12-08 02:37:08,748 - ModelTrainer - ERROR - Error in LightGBM trial 32: LGBMRegressor.fit() got an unexpected keyword argument 'verbose'
2024-12-08 02:37:08,763 - ModelTrainer - ERROR - Error in LightGBM trial 31: LGBMRegressor.fit() got an unexpected keyword argument 'verbose'
2024-12-08 02:37:08,764 - ModelTrainer - ERROR - Traceback (most recent call last):
  File "C:\Users\prite\Desktop\mlops-timeseries\mlops_timeseries\models\trainer.py", line 253, in optimize_lightgbm
    model.fit(
TypeError: LGBMRegressor.fit() got an unexpected keyword argument 'verbose'

2024-12-08 02:37:08,764 - ModelTrainer - ERROR - Traceback (most recent call last):
  File "C:\Users\prite\Desktop\mlops-timeseries\mlops_timeseries\models\trainer.py", line 253, in optimize_lightgbm
    model.fit(
TypeError: LGBMRegressor.fit() got an unexpected keyword argument 'verbose'

