2024-12-08 12:16:44,146 - ModelTrainer - INFO - Initialized ModelTrainer with 100 trials and 15 workers
2024-12-08 12:16:44,147 - ModelTrainer - INFO - Starting overnight training pipeline...
2024-12-08 12:16:44,147 - ModelTrainer - INFO - Loading data...
2024-12-08 12:16:44,686 - ModelTrainer - INFO - Data loaded in 0.54 seconds
2024-12-08 12:16:44,686 - ModelTrainer - INFO - Train shape: (2431886, 20)
2024-12-08 12:16:44,686 - ModelTrainer - INFO - Valid shape: (256128, 20)
2024-12-08 12:16:44,686 - ModelTrainer - INFO - Test shape: (256157, 20)
2024-12-08 12:16:44,686 - ModelTrainer - INFO - Features: ['hour', 'day_of_week', 'month', 'is_weekend', 'temperature_2m', 'relative_humidity_2m', 'wind_speed_10m', 'building_class_encoded', 'cluster_size', 'demand_lag_24h', 'demand_lag_168h', 'demand_rolling_mean_24h']
2024-12-08 12:16:44,782 - ModelTrainer - INFO - Found existing checkpoint
2024-12-08 12:16:44,783 - ModelTrainer - INFO - Resuming training. Completed models: ['lightgbm']
2024-12-08 12:16:44,829 - ModelTrainer - INFO - 
Optimizing xgboost...
2024-12-08 12:16:44,888 - ModelTrainer - INFO - Restored 0 trials for xgboost
2024-12-08 12:16:44,930 - ModelTrainer - INFO - Current memory usage: 947.33 MB
2024-12-08 12:16:44,933 - ModelTrainer - INFO - Starting trial 0
2024-12-08 12:16:44,935 - ModelTrainer - INFO - Starting trial 1
2024-12-08 12:16:44,936 - ModelTrainer - INFO - Starting trial 2
2024-12-08 12:16:44,937 - ModelTrainer - INFO - Starting trial 3
2024-12-08 12:16:44,939 - ModelTrainer - INFO - Starting trial 4
2024-12-08 12:16:44,941 - ModelTrainer - INFO - Starting trial 5
2024-12-08 12:16:44,941 - ModelTrainer - INFO - Starting trial 6
2024-12-08 12:16:44,943 - ModelTrainer - INFO - Starting trial 7
2024-12-08 12:16:44,945 - ModelTrainer - INFO - Starting trial 8
2024-12-08 12:16:44,948 - ModelTrainer - INFO - Starting trial 9
2024-12-08 12:16:44,952 - ModelTrainer - INFO - Starting trial 10
2024-12-08 12:16:44,956 - ModelTrainer - INFO - Starting trial 11
2024-12-08 12:16:44,964 - ModelTrainer - INFO - Starting trial 12
2024-12-08 12:16:44,973 - ModelTrainer - INFO - Starting trial 13
2024-12-08 12:16:44,985 - ModelTrainer - INFO - Starting trial 14
2024-12-08 12:16:47,074 - ModelTrainer - INFO - Training XGBoost model...
2024-12-08 12:16:47,170 - ModelTrainer - INFO - Training XGBoost model...
2024-12-08 12:16:47,172 - ModelTrainer - INFO - Training XGBoost model...
2024-12-08 12:16:47,173 - ModelTrainer - INFO - Training XGBoost model...
2024-12-08 12:16:47,173 - ModelTrainer - INFO - Training XGBoost model...
2024-12-08 12:16:47,174 - ModelTrainer - INFO - Training XGBoost model...
2024-12-08 12:16:47,175 - ModelTrainer - INFO - Training XGBoost model...
2024-12-08 12:16:47,175 - ModelTrainer - INFO - Training XGBoost model...
2024-12-08 12:16:47,176 - ModelTrainer - INFO - Training XGBoost model...
2024-12-08 12:16:47,177 - ModelTrainer - INFO - Training XGBoost model...
2024-12-08 12:16:47,178 - ModelTrainer - INFO - Training XGBoost model...
2024-12-08 12:16:47,178 - ModelTrainer - INFO - Training XGBoost model...
2024-12-08 12:16:47,179 - ModelTrainer - INFO - Training XGBoost model...
2024-12-08 12:16:47,180 - ModelTrainer - INFO - Training XGBoost model...
2024-12-08 12:16:47,181 - ModelTrainer - INFO - Training XGBoost model...
