2024-12-08 04:54:39,255 - ModelTrainer - INFO - Initialized ModelTrainer with 100 trials and 15 workers
2024-12-08 04:54:39,255 - ModelTrainer - INFO - Starting overnight training pipeline...
2024-12-08 04:54:39,255 - ModelTrainer - INFO - Loading data...
2024-12-08 04:54:39,740 - ModelTrainer - INFO - Data loaded in 0.49 seconds
2024-12-08 04:54:39,740 - ModelTrainer - INFO - Train shape: (2431886, 20)
2024-12-08 04:54:39,740 - ModelTrainer - INFO - Valid shape: (256128, 20)
2024-12-08 04:54:39,741 - ModelTrainer - INFO - Test shape: (256157, 20)
2024-12-08 04:54:39,741 - ModelTrainer - INFO - Features: ['hour', 'day_of_week', 'month', 'is_weekend', 'temperature_2m', 'relative_humidity_2m', 'wind_speed_10m', 'building_class_encoded', 'cluster_size', 'demand_lag_24h', 'demand_lag_168h', 'demand_rolling_mean_24h']
2024-12-08 04:54:39,817 - ModelTrainer - INFO - Found existing checkpoint
2024-12-08 04:54:39,817 - ModelTrainer - INFO - Resuming training. Completed models: ['lightgbm']
2024-12-08 04:54:39,860 - ModelTrainer - INFO - 
Optimizing xgboost...
2024-12-08 04:54:39,924 - ModelTrainer - INFO - Restored 0 trials for xgboost
2024-12-08 04:54:39,968 - ModelTrainer - INFO - Current memory usage: 956.00 MB
2024-12-08 04:54:40,140 - ModelTrainer - ERROR - Error in XGBoost trial 0: XGBModel.fit() got an unexpected keyword argument 'callbacks'
2024-12-08 04:54:40,140 - ModelTrainer - ERROR - Error in XGBoost trial 6: XGBModel.fit() got an unexpected keyword argument 'callbacks'
2024-12-08 04:54:40,141 - ModelTrainer - ERROR - Error in XGBoost trial 10: XGBModel.fit() got an unexpected keyword argument 'callbacks'
2024-12-08 04:54:40,141 - ModelTrainer - ERROR - Error in XGBoost trial 8: XGBModel.fit() got an unexpected keyword argument 'callbacks'
2024-12-08 04:54:40,142 - ModelTrainer - ERROR - Error in XGBoost trial 3: XGBModel.fit() got an unexpected keyword argument 'callbacks'
2024-12-08 04:54:40,143 - ModelTrainer - ERROR - Error in XGBoost trial 1: XGBModel.fit() got an unexpected keyword argument 'callbacks'
2024-12-08 04:54:40,154 - ModelTrainer - ERROR - Error in XGBoost trial 2: XGBModel.fit() got an unexpected keyword argument 'callbacks'
2024-12-08 04:54:40,157 - ModelTrainer - ERROR - Error in XGBoost trial 4: XGBModel.fit() got an unexpected keyword argument 'callbacks'
2024-12-08 04:54:40,158 - ModelTrainer - ERROR - Error in XGBoost trial 7: XGBModel.fit() got an unexpected keyword argument 'callbacks'
2024-12-08 04:54:40,159 - ModelTrainer - ERROR - Error in XGBoost trial 5: XGBModel.fit() got an unexpected keyword argument 'callbacks'
2024-12-08 04:54:40,159 - ModelTrainer - ERROR - Error in XGBoost trial 11: XGBModel.fit() got an unexpected keyword argument 'callbacks'
2024-12-08 04:54:40,184 - ModelTrainer - ERROR - Error in XGBoost trial 13: XGBModel.fit() got an unexpected keyword argument 'callbacks'
2024-12-08 04:54:40,184 - ModelTrainer - ERROR - Error in XGBoost trial 9: XGBModel.fit() got an unexpected keyword argument 'callbacks'
2024-12-08 04:54:40,209 - ModelTrainer - ERROR - Error in XGBoost trial 12: XGBModel.fit() got an unexpected keyword argument 'callbacks'
2024-12-08 04:54:40,218 - ModelTrainer - ERROR - Error in XGBoost trial 14: XGBModel.fit() got an unexpected keyword argument 'callbacks'
2024-12-08 04:54:40,268 - ModelTrainer - ERROR - Error in XGBoost trial 16: XGBModel.fit() got an unexpected keyword argument 'callbacks'
2024-12-08 04:54:40,269 - ModelTrainer - ERROR - Error in XGBoost trial 15: XGBModel.fit() got an unexpected keyword argument 'callbacks'
2024-12-08 04:54:40,307 - ModelTrainer - ERROR - Error in XGBoost trial 17: XGBModel.fit() got an unexpected keyword argument 'callbacks'
2024-12-08 04:54:40,317 - ModelTrainer - ERROR - Error in XGBoost trial 18: XGBModel.fit() got an unexpected keyword argument 'callbacks'
2024-12-08 04:54:40,356 - ModelTrainer - ERROR - Error in XGBoost trial 19: XGBModel.fit() got an unexpected keyword argument 'callbacks'
2024-12-08 04:54:40,361 - ModelTrainer - ERROR - Error in XGBoost trial 20: XGBModel.fit() got an unexpected keyword argument 'callbacks'
2024-12-08 04:54:40,387 - ModelTrainer - ERROR - Error in XGBoost trial 21: XGBModel.fit() got an unexpected keyword argument 'callbacks'
2024-12-08 04:54:40,410 - ModelTrainer - ERROR - Error in XGBoost trial 22: XGBModel.fit() got an unexpected keyword argument 'callbacks'
2024-12-08 04:54:40,443 - ModelTrainer - ERROR - Error in XGBoost trial 23: XGBModel.fit() got an unexpected keyword argument 'callbacks'
2024-12-08 04:54:40,456 - ModelTrainer - ERROR - Error in XGBoost trial 24: XGBModel.fit() got an unexpected keyword argument 'callbacks'
2024-12-08 04:54:40,478 - ModelTrainer - ERROR - Error in XGBoost trial 25: XGBModel.fit() got an unexpected keyword argument 'callbacks'
2024-12-08 04:54:40,495 - ModelTrainer - ERROR - Error in XGBoost trial 26: XGBModel.fit() got an unexpected keyword argument 'callbacks'
2024-12-08 04:54:40,514 - ModelTrainer - ERROR - Error in XGBoost trial 27: XGBModel.fit() got an unexpected keyword argument 'callbacks'
2024-12-08 04:54:40,548 - ModelTrainer - ERROR - Error in XGBoost trial 29: XGBModel.fit() got an unexpected keyword argument 'callbacks'
2024-12-08 04:54:40,650 - ModelTrainer - ERROR - Error in XGBoost trial 28: XGBModel.fit() got an unexpected keyword argument 'callbacks'
2024-12-08 04:54:40,657 - ModelTrainer - ERROR - Error in XGBoost trial 31: XGBModel.fit() got an unexpected keyword argument 'callbacks'
2024-12-08 04:54:40,697 - ModelTrainer - ERROR - Error in XGBoost trial 30: XGBModel.fit() got an unexpected keyword argument 'callbacks'
2024-12-08 04:54:40,805 - ModelTrainer - ERROR - Error in XGBoost trial 32: XGBModel.fit() got an unexpected keyword argument 'callbacks'
2024-12-08 04:54:40,890 - ModelTrainer - ERROR - Error in XGBoost trial 33: XGBModel.fit() got an unexpected keyword argument 'callbacks'
2024-12-08 04:54:40,890 - ModelTrainer - ERROR - Error in XGBoost trial 34: XGBModel.fit() got an unexpected keyword argument 'callbacks'
2024-12-08 04:54:40,919 - ModelTrainer - ERROR - Error in XGBoost trial 35: XGBModel.fit() got an unexpected keyword argument 'callbacks'
2024-12-08 04:54:40,960 - ModelTrainer - ERROR - Error in XGBoost trial 37: XGBModel.fit() got an unexpected keyword argument 'callbacks'
2024-12-08 04:54:40,994 - ModelTrainer - ERROR - Error in XGBoost trial 36: XGBModel.fit() got an unexpected keyword argument 'callbacks'
2024-12-08 04:54:40,994 - ModelTrainer - ERROR - Error in XGBoost trial 38: XGBModel.fit() got an unexpected keyword argument 'callbacks'
2024-12-08 04:54:41,081 - ModelTrainer - ERROR - Error in XGBoost trial 39: XGBModel.fit() got an unexpected keyword argument 'callbacks'
2024-12-08 04:54:41,087 - ModelTrainer - ERROR - Error in XGBoost trial 40: XGBModel.fit() got an unexpected keyword argument 'callbacks'
2024-12-08 04:54:41,117 - ModelTrainer - ERROR - Error in XGBoost trial 42: XGBModel.fit() got an unexpected keyword argument 'callbacks'
2024-12-08 04:54:41,121 - ModelTrainer - ERROR - Error in XGBoost trial 44: XGBModel.fit() got an unexpected keyword argument 'callbacks'
2024-12-08 04:54:41,121 - ModelTrainer - ERROR - Error in XGBoost trial 41: XGBModel.fit() got an unexpected keyword argument 'callbacks'
2024-12-08 04:54:41,125 - ModelTrainer - ERROR - Error in XGBoost trial 43: XGBModel.fit() got an unexpected keyword argument 'callbacks'
2024-12-08 04:54:41,193 - ModelTrainer - ERROR - Error in XGBoost trial 47: XGBModel.fit() got an unexpected keyword argument 'callbacks'
2024-12-08 04:54:41,204 - ModelTrainer - ERROR - Error in XGBoost trial 45: XGBModel.fit() got an unexpected keyword argument 'callbacks'
2024-12-08 04:54:41,212 - ModelTrainer - ERROR - Error in XGBoost trial 46: XGBModel.fit() got an unexpected keyword argument 'callbacks'
2024-12-08 04:54:41,305 - ModelTrainer - ERROR - Error in XGBoost trial 49: XGBModel.fit() got an unexpected keyword argument 'callbacks'
2024-12-08 04:54:41,306 - ModelTrainer - ERROR - Error in XGBoost trial 50: XGBModel.fit() got an unexpected keyword argument 'callbacks'
2024-12-08 04:54:41,317 - ModelTrainer - ERROR - Error in XGBoost trial 48: XGBModel.fit() got an unexpected keyword argument 'callbacks'
2024-12-08 04:54:41,359 - ModelTrainer - ERROR - Error in XGBoost trial 51: XGBModel.fit() got an unexpected keyword argument 'callbacks'
2024-12-08 04:54:41,371 - ModelTrainer - ERROR - Error in XGBoost trial 52: XGBModel.fit() got an unexpected keyword argument 'callbacks'
2024-12-08 04:54:41,421 - ModelTrainer - ERROR - Error in XGBoost trial 53: XGBModel.fit() got an unexpected keyword argument 'callbacks'
2024-12-08 04:54:41,484 - ModelTrainer - ERROR - Error in XGBoost trial 54: XGBModel.fit() got an unexpected keyword argument 'callbacks'
2024-12-08 04:54:41,513 - ModelTrainer - ERROR - Error in XGBoost trial 55: XGBModel.fit() got an unexpected keyword argument 'callbacks'
2024-12-08 04:54:41,544 - ModelTrainer - ERROR - Error in XGBoost trial 58: XGBModel.fit() got an unexpected keyword argument 'callbacks'
2024-12-08 04:54:41,585 - ModelTrainer - ERROR - Error in XGBoost trial 57: XGBModel.fit() got an unexpected keyword argument 'callbacks'
2024-12-08 04:54:41,590 - ModelTrainer - ERROR - Error in XGBoost trial 56: XGBModel.fit() got an unexpected keyword argument 'callbacks'
2024-12-08 04:54:41,595 - ModelTrainer - ERROR - Error in XGBoost trial 59: XGBModel.fit() got an unexpected keyword argument 'callbacks'
2024-12-08 04:54:41,620 - ModelTrainer - ERROR - Error in XGBoost trial 60: XGBModel.fit() got an unexpected keyword argument 'callbacks'
2024-12-08 04:54:41,620 - ModelTrainer - ERROR - Error in XGBoost trial 61: XGBModel.fit() got an unexpected keyword argument 'callbacks'
2024-12-08 04:54:41,645 - ModelTrainer - ERROR - Error in XGBoost trial 62: XGBModel.fit() got an unexpected keyword argument 'callbacks'
2024-12-08 04:54:41,683 - ModelTrainer - ERROR - Error in XGBoost trial 63: XGBModel.fit() got an unexpected keyword argument 'callbacks'
2024-12-08 04:54:41,750 - ModelTrainer - ERROR - Error in XGBoost trial 64: XGBModel.fit() got an unexpected keyword argument 'callbacks'
2024-12-08 04:54:41,759 - ModelTrainer - ERROR - Error in XGBoost trial 67: XGBModel.fit() got an unexpected keyword argument 'callbacks'
2024-12-08 04:54:41,759 - ModelTrainer - ERROR - Error in XGBoost trial 66: XGBModel.fit() got an unexpected keyword argument 'callbacks'
2024-12-08 04:54:41,779 - ModelTrainer - ERROR - Error in XGBoost trial 65: XGBModel.fit() got an unexpected keyword argument 'callbacks'
2024-12-08 04:54:41,855 - ModelTrainer - ERROR - Error in XGBoost trial 68: XGBModel.fit() got an unexpected keyword argument 'callbacks'
2024-12-08 04:54:41,879 - ModelTrainer - ERROR - Error in XGBoost trial 71: XGBModel.fit() got an unexpected keyword argument 'callbacks'
2024-12-08 04:54:41,900 - ModelTrainer - ERROR - Error in XGBoost trial 69: XGBModel.fit() got an unexpected keyword argument 'callbacks'
2024-12-08 04:54:41,936 - ModelTrainer - ERROR - Error in XGBoost trial 70: XGBModel.fit() got an unexpected keyword argument 'callbacks'
2024-12-08 04:54:41,966 - ModelTrainer - ERROR - Error in XGBoost trial 72: XGBModel.fit() got an unexpected keyword argument 'callbacks'
2024-12-08 04:54:42,045 - ModelTrainer - ERROR - Error in XGBoost trial 74: XGBModel.fit() got an unexpected keyword argument 'callbacks'
2024-12-08 04:54:42,056 - ModelTrainer - ERROR - Error in XGBoost trial 75: XGBModel.fit() got an unexpected keyword argument 'callbacks'
2024-12-08 04:54:42,058 - ModelTrainer - ERROR - Error in XGBoost trial 73: XGBModel.fit() got an unexpected keyword argument 'callbacks'
2024-12-08 04:54:42,082 - ModelTrainer - ERROR - Error in XGBoost trial 78: XGBModel.fit() got an unexpected keyword argument 'callbacks'
2024-12-08 04:54:42,115 - ModelTrainer - ERROR - Error in XGBoost trial 76: XGBModel.fit() got an unexpected keyword argument 'callbacks'
2024-12-08 04:54:42,120 - ModelTrainer - ERROR - Error in XGBoost trial 77: XGBModel.fit() got an unexpected keyword argument 'callbacks'
2024-12-08 04:54:42,164 - ModelTrainer - ERROR - Error in XGBoost trial 79: XGBModel.fit() got an unexpected keyword argument 'callbacks'
2024-12-08 04:54:42,191 - ModelTrainer - ERROR - Error in XGBoost trial 82: XGBModel.fit() got an unexpected keyword argument 'callbacks'
2024-12-08 04:54:42,200 - ModelTrainer - ERROR - Error in XGBoost trial 80: XGBModel.fit() got an unexpected keyword argument 'callbacks'
2024-12-08 04:54:42,212 - ModelTrainer - ERROR - Error in XGBoost trial 81: XGBModel.fit() got an unexpected keyword argument 'callbacks'
2024-12-08 04:54:42,307 - ModelTrainer - ERROR - Error in XGBoost trial 83: XGBModel.fit() got an unexpected keyword argument 'callbacks'
2024-12-08 04:54:42,308 - ModelTrainer - ERROR - Error in XGBoost trial 85: XGBModel.fit() got an unexpected keyword argument 'callbacks'
2024-12-08 04:54:42,311 - ModelTrainer - ERROR - Error in XGBoost trial 84: XGBModel.fit() got an unexpected keyword argument 'callbacks'
2024-12-08 04:54:42,329 - ModelTrainer - ERROR - Error in XGBoost trial 86: XGBModel.fit() got an unexpected keyword argument 'callbacks'
2024-12-08 04:54:42,361 - ModelTrainer - ERROR - Error in XGBoost trial 87: XGBModel.fit() got an unexpected keyword argument 'callbacks'
2024-12-08 04:54:42,442 - ModelTrainer - ERROR - Error in XGBoost trial 88: XGBModel.fit() got an unexpected keyword argument 'callbacks'
2024-12-08 04:54:42,468 - ModelTrainer - ERROR - Error in XGBoost trial 89: XGBModel.fit() got an unexpected keyword argument 'callbacks'
2024-12-08 04:54:42,502 - ModelTrainer - ERROR - Error in XGBoost trial 91: XGBModel.fit() got an unexpected keyword argument 'callbacks'
2024-12-08 04:54:42,543 - ModelTrainer - ERROR - Error in XGBoost trial 93: XGBModel.fit() got an unexpected keyword argument 'callbacks'
2024-12-08 04:54:42,571 - ModelTrainer - ERROR - Error in XGBoost trial 94: XGBModel.fit() got an unexpected keyword argument 'callbacks'
2024-12-08 04:54:42,640 - ModelTrainer - ERROR - Error in XGBoost trial 90: XGBModel.fit() got an unexpected keyword argument 'callbacks'
2024-12-08 04:54:42,647 - ModelTrainer - ERROR - Error in XGBoost trial 92: XGBModel.fit() got an unexpected keyword argument 'callbacks'
2024-12-08 04:54:42,666 - ModelTrainer - ERROR - Error in XGBoost trial 95: XGBModel.fit() got an unexpected keyword argument 'callbacks'
2024-12-08 04:54:42,668 - ModelTrainer - ERROR - Error in XGBoost trial 97: XGBModel.fit() got an unexpected keyword argument 'callbacks'
2024-12-08 04:54:42,692 - ModelTrainer - ERROR - Error in XGBoost trial 96: XGBModel.fit() got an unexpected keyword argument 'callbacks'
2024-12-08 04:54:42,696 - ModelTrainer - ERROR - Error in XGBoost trial 99: XGBModel.fit() got an unexpected keyword argument 'callbacks'
2024-12-08 04:54:42,704 - ModelTrainer - ERROR - Error in XGBoost trial 98: XGBModel.fit() got an unexpected keyword argument 'callbacks'
2024-12-08 04:54:42,853 - ModelTrainer - ERROR - Error during xgboost optimization: No trials are completed yet.
2024-12-08 04:54:42,855 - ModelTrainer - ERROR - Traceback (most recent call last):
  File "C:\Users\prite\Desktop\mlops-timeseries\mlops_timeseries\models\trainer.py", line 534, in train_models
    if study.best_trial is not None:
       ^^^^^^^^^^^^^^^^
  File "C:\Users\prite\Desktop\mlops-timeseries\.venv\Lib\site-packages\optuna\study\study.py", line 162, in best_trial
    best_trial = self._storage.get_best_trial(self._study_id)
                 ^^^^^^^^^^^^^^^^^^^^^^^^^^^^^^^^^^^^^^^^^^^^
  File "C:\Users\prite\Desktop\mlops-timeseries\.venv\Lib\site-packages\optuna\storages\_in_memory.py", line 249, in get_best_trial
    raise ValueError("No trials are completed yet.")
ValueError: No trials are completed yet.

2024-12-08 04:54:42,855 - ModelTrainer - WARNING - Falling back to default parameters for xgboost
2024-12-08 04:54:42,919 - ModelTrainer - INFO - Training final xgboost model with MAPIE...
2024-12-08 04:54:42,947 - ModelTrainer - ERROR - Error in xgboost training: XGBModel.fit() got an unexpected keyword argument 'callbacks'
2024-12-08 04:54:42,948 - ModelTrainer - ERROR - Traceback (most recent call last):
  File "C:\Users\prite\Desktop\mlops-timeseries\mlops_timeseries\models\trainer.py", line 534, in train_models
    if study.best_trial is not None:
       ^^^^^^^^^^^^^^^^
  File "C:\Users\prite\Desktop\mlops-timeseries\.venv\Lib\site-packages\optuna\study\study.py", line 162, in best_trial
    best_trial = self._storage.get_best_trial(self._study_id)
                 ^^^^^^^^^^^^^^^^^^^^^^^^^^^^^^^^^^^^^^^^^^^^
  File "C:\Users\prite\Desktop\mlops-timeseries\.venv\Lib\site-packages\optuna\storages\_in_memory.py", line 249, in get_best_trial
    raise ValueError("No trials are completed yet.")
ValueError: No trials are completed yet.

During handling of the above exception, another exception occurred:

Traceback (most recent call last):
  File "C:\Users\prite\Desktop\mlops-timeseries\mlops_timeseries\models\trainer.py", line 360, in train_model_with_mapie
    model.fit(
  File "C:\Users\prite\Desktop\mlops-timeseries\.venv\Lib\site-packages\xgboost\core.py", line 726, in inner_f
    return func(**kwargs)
           ^^^^^^^^^^^^^^
TypeError: XGBModel.fit() got an unexpected keyword argument 'callbacks'

2024-12-08 04:54:42,950 - ModelTrainer - ERROR - Error in model training pipeline
2024-12-08 04:54:42,950 - ModelTrainer - ERROR - Traceback (most recent call last):
  File "C:\Users\prite\Desktop\mlops-timeseries\mlops_timeseries\models\trainer.py", line 534, in train_models
    if study.best_trial is not None:
       ^^^^^^^^^^^^^^^^
  File "C:\Users\prite\Desktop\mlops-timeseries\.venv\Lib\site-packages\optuna\study\study.py", line 162, in best_trial
    best_trial = self._storage.get_best_trial(self._study_id)
                 ^^^^^^^^^^^^^^^^^^^^^^^^^^^^^^^^^^^^^^^^^^^^
  File "C:\Users\prite\Desktop\mlops-timeseries\.venv\Lib\site-packages\optuna\storages\_in_memory.py", line 249, in get_best_trial
    raise ValueError("No trials are completed yet.")
ValueError: No trials are completed yet.

During handling of the above exception, another exception occurred:

Traceback (most recent call last):
  File "C:\Users\prite\Desktop\mlops-timeseries\mlops_timeseries\models\trainer.py", line 572, in train_models
    self.train_model_with_mapie(model_type, default_params[model_type].copy())
  File "C:\Users\prite\Desktop\mlops-timeseries\mlops_timeseries\models\trainer.py", line 360, in train_model_with_mapie
    model.fit(
  File "C:\Users\prite\Desktop\mlops-timeseries\.venv\Lib\site-packages\xgboost\core.py", line 726, in inner_f
    return func(**kwargs)
           ^^^^^^^^^^^^^^
TypeError: XGBModel.fit() got an unexpected keyword argument 'callbacks'

