2024-12-08 12:11:58,043 - ModelTrainer - INFO - Initialized ModelTrainer with 100 trials and 15 workers
2024-12-08 12:11:58,043 - ModelTrainer - INFO - Starting overnight training pipeline...
2024-12-08 12:11:58,043 - ModelTrainer - INFO - Loading data...
2024-12-08 12:11:58,495 - ModelTrainer - INFO - Data loaded in 0.45 seconds
2024-12-08 12:11:58,495 - ModelTrainer - INFO - Train shape: (2431886, 20)
2024-12-08 12:11:58,495 - ModelTrainer - INFO - Valid shape: (256128, 20)
2024-12-08 12:11:58,496 - ModelTrainer - INFO - Test shape: (256157, 20)
2024-12-08 12:11:58,496 - ModelTrainer - INFO - Features: ['hour', 'day_of_week', 'month', 'is_weekend', 'temperature_2m', 'relative_humidity_2m', 'wind_speed_10m', 'building_class_encoded', 'cluster_size', 'demand_lag_24h', 'demand_lag_168h', 'demand_rolling_mean_24h']
2024-12-08 12:11:58,580 - ModelTrainer - INFO - Found existing checkpoint
2024-12-08 12:11:58,580 - ModelTrainer - INFO - Resuming training. Completed models: ['lightgbm']
2024-12-08 12:11:58,622 - ModelTrainer - INFO - 
Optimizing xgboost...
2024-12-08 12:11:58,708 - ModelTrainer - INFO - Restored 0 trials for xgboost
2024-12-08 12:11:58,756 - ModelTrainer - INFO - Current memory usage: 950.53 MB
2024-12-08 12:11:58,757 - ModelTrainer - INFO - Starting trial 0
2024-12-08 12:11:58,758 - ModelTrainer - INFO - Starting trial 1
2024-12-08 12:11:58,759 - ModelTrainer - INFO - Starting trial 2
2024-12-08 12:11:58,760 - ModelTrainer - INFO - Starting trial 3
2024-12-08 12:11:58,761 - ModelTrainer - INFO - Starting trial 4
2024-12-08 12:11:58,761 - ModelTrainer - INFO - Starting trial 5
2024-12-08 12:11:58,762 - ModelTrainer - INFO - Starting trial 6
2024-12-08 12:11:58,764 - ModelTrainer - INFO - Starting trial 7
2024-12-08 12:11:58,765 - ModelTrainer - INFO - Starting trial 8
2024-12-08 12:11:58,765 - ModelTrainer - INFO - Starting trial 9
2024-12-08 12:11:58,766 - ModelTrainer - INFO - Starting trial 10
2024-12-08 12:11:58,766 - ModelTrainer - INFO - Starting trial 11
2024-12-08 12:11:58,767 - ModelTrainer - INFO - Starting trial 12
2024-12-08 12:11:58,768 - ModelTrainer - INFO - Starting trial 13
2024-12-08 12:11:58,768 - ModelTrainer - INFO - Starting trial 14
2024-12-08 12:12:01,367 - ModelTrainer - INFO - Training XGBoost model...
2024-12-08 12:12:01,405 - ModelTrainer - INFO - Training XGBoost model...
2024-12-08 12:12:01,407 - ModelTrainer - INFO - Training XGBoost model...
2024-12-08 12:12:01,507 - ModelTrainer - INFO - Training XGBoost model...
2024-12-08 12:12:01,548 - ModelTrainer - INFO - Training XGBoost model...
2024-12-08 12:12:01,558 - ModelTrainer - INFO - Training XGBoost model...
2024-12-08 12:12:01,587 - ModelTrainer - INFO - Training XGBoost model...
2024-12-08 12:12:01,635 - ModelTrainer - INFO - Training XGBoost model...
2024-12-08 12:12:01,708 - ModelTrainer - INFO - Training XGBoost model...
2024-12-08 12:12:01,746 - ModelTrainer - INFO - Training XGBoost model...
2024-12-08 12:12:01,747 - ModelTrainer - INFO - Training XGBoost model...
2024-12-08 12:12:01,757 - ModelTrainer - INFO - Training XGBoost model...
2024-12-08 12:12:01,761 - ModelTrainer - INFO - Training XGBoost model...
2024-12-08 12:12:01,761 - ModelTrainer - INFO - Training XGBoost model...
2024-12-08 12:12:01,768 - ModelTrainer - INFO - Training XGBoost model...
